# Server version 0.08 running on DESKTOP-7J5NBBK:8123
# Game ID: 284
# Board class: pentago_twist.PentagoBoard
# Timeout: 20000
# First Move Timeout: 30000
# Date: Tue Apr 06 20:37:01 EDT 2021
# Player 1: Player-0, '260930902', running on DESKTOP-7J5NBBK
# Player 2: Player-1, '260930902', running on DESKTOP-7J5NBBK
START Player-0 260930902
START Player-1 260930902
3 1 1 1 0
0 0 2 1 1
0 1 2 1 0
0 2 2 1 1
0 3 2 1 0
0 4 2 1 1
0 5 2 1 0
1 0 2 1 1
1 4 1 1 0
2 0 2 0 1
2 3 0 0 0
3 2 1 0 1
3 0 2 1 0
1 1 2 0 1
2 3 2 0 0
4 1 2 1 1
1 3 2 0 0
4 4 1 0 1
3 3 0 1 0
4 3 2 1 1
1 3 2 0 0
3 1 3 1 1
2 1 3 0 0
3 3 0 0 1
GAMEOVER WINNER 1
# Game ended: Tue Apr 06 20:37:06 EDT 2021
