# Server version 0.08 running on DESKTOP-7J5NBBK:8123
# Game ID: 849
# Board class: pentago_twist.PentagoBoard
# Timeout: 20000
# First Move Timeout: 30000
# Date: Sun Apr 11 18:54:55 EDT 2021
# Player 1: Player-0, '260930902', running on DESKTOP-7J5NBBK
# Player 2: Player-1, 'RandomPlayer', running on DESKTOP-7J5NBBK
START Player-0 260930902
START Player-1 RandomPlayer
3 4 0 0 0
1 1 1 1 1
4 4 0 0 0
5 4 3 0 1
3 4 3 1 0
5 4 0 1 1
1 5 1 0 0
5 5 1 0 1
2 4 1 1 0
1 4 3 0 1
3 5 3 1 0
3 5 3 0 1
3 3 3 1 0
2 5 3 0 1
2 3 3 1 0
1 3 3 1 1
0 5 3 1 0
0 3 3 0 1
0 4 1 0 0
5 1 1 0 1
0 2 2 0 0
5 1 0 1 1
0 2 2 0 0
0 1 1 1 1
4 1 1 0 0
5 2 1 0 1
5 1 0 0 0
1 0 1 1 1
GAMEOVER WINNER 1
# Game ended: Sun Apr 11 18:55:08 EDT 2021
