# Server version 0.08 running on DESKTOP-7J5NBBK:8123
# Game ID: 830
# Board class: pentago_twist.PentagoBoard
# Timeout: 20000
# First Move Timeout: 30000
# Date: Sun Apr 11 16:34:00 EDT 2021
# Starting at move 9
# Player 1: Player-0, 'Human', running on DESKTOP-7J5NBBK
# Player 2: Player-1, '260930902', running on DESKTOP-7J5NBBK
START Player-0 Human
START Player-1 260930902
3 1 1 1 0
3 4 0 0 1
4 1 3 0 0
4 4 0 0 1
4 3 1 1 0
3 4 2 0 1
4 0 2 0 0
2 1 2 0 1
1 4 3 0 0
4 3 3 0 1
2 4 3 0 0
2 5 1 0 1
2 4 0 0 0
0 1 0 0 1
GAMEOVER WINNER 1
# Game ended: Sun Apr 11 16:34:25 EDT 2021
