# Server version 0.08 running on DESKTOP-7J5NBBK:8123
# Game ID: 363
# Board class: pentago_twist.PentagoBoard
# Timeout: 20000
# First Move Timeout: 30000
# Date: Wed Apr 07 20:19:48 EDT 2021
# Player 1: Player-0, 'Human', running on DESKTOP-7J5NBBK
# Player 2: Player-1, '260930902', running on DESKTOP-7J5NBBK
START Player-0 Human
START Player-1 260930902
2 2 1 1 0
4 2 1 1 1
3 3 1 1 0
0 0 0 0 1
2 2 1 1 0
0 0 0 0 1
1 0 1 1 0
3 2 2 1 1
1 1 0 1 0
1 0 1 0 1
GAMEOVER WINNER 1
# Game ended: Wed Apr 07 20:20:35 EDT 2021
