# Server version 0.08 running on DESKTOP-7J5NBBK:8123
# Game ID: 571
# Board class: pentago_twist.PentagoBoard
# Timeout: 20000
# First Move Timeout: 30000
# Date: Fri Apr 09 01:39:40 EDT 2021
# Player 1: Player-0, '260930902', running on DESKTOP-7J5NBBK
# Player 2: Player-1, '260930902', running on DESKTOP-7J5NBBK
START Player-0 260930902
START Player-1 260930902
4 2 1 1 0
3 1 1 1 1
2 4 0 0 0
1 3 3 0 1
3 3 1 1 0
4 3 1 0 1
4 4 0 1 0
2 2 3 1 1
5 3 0 1 0
2 3 0 1 1
1 5 1 0 0
1 4 2 0 1
1 5 2 0 0
2 5 1 1 1
3 2 1 1 0
3 4 1 1 1
1 2 1 1 0
2 3 1 1 1
3 3 1 1 0
1 0 0 0 1
1 0 0 0 0
3 0 2 0 1
4 2 2 0 0
GAMEOVER WINNER 0
# Game ended: Fri Apr 09 01:39:48 EDT 2021
