# Server version 0.08 running on DESKTOP-7J5NBBK:8123
# Game ID: 17
# Board class: pentago_twist.PentagoBoard
# Timeout: 20000
# First Move Timeout: 30000
# Date: Mon Apr 05 16:22:27 EDT 2021
# Player 1: Player-0, '260930902', running on DESKTOP-7J5NBBK
# Player 2: Player-1, 'RandomPlayer', running on DESKTOP-7J5NBBK
START Player-0 260930902
START Player-1 RandomPlayer
3 2 1 1 0
4 5 2 0 1
0 0 0 1 0
0 3 1 1 1
0 0 0 1 0
1 2 1 1 1
0 1 0 1 0
1 4 1 1 1
0 3 0 1 0
2 0 3 1 1
0 4 0 1 0
GAMEOVER WINNER 0--------------------------
| w | w | w || w | w | b |
| b |   |   ||   | b |   |
|   |   | b ||   |   |   |
--------------------------
|   |   |   ||   |   |   |
|   |   |   || b |   |   |
|   |   | w ||   |   |   |
--------------------------

# Game ended: Mon Apr 05 16:22:36 EDT 2021
