# Server version 0.08 running on DESKTOP-7J5NBBK:8123
# Game ID: 309
# Board class: pentago_twist.PentagoBoard
# Timeout: 20000
# First Move Timeout: 30000
# Date: Tue Apr 06 22:14:15 EDT 2021
# Player 1: Player-0, '260930902', running on DESKTOP-7J5NBBK
# Player 2: Player-1, '260930902', running on DESKTOP-7J5NBBK
START Player-0 260930902
START Player-1 260930902
4 2 1 1 0
3 1 1 1 1
2 4 0 0 0
1 3 3 0 1
0 0 0 0 0
0 0 0 0 1
3 3 1 1 0
1 1 1 0 1
1 2 2 1 0
2 0 0 0 1
1 0 0 1 0
0 3 3 0 1
3 2 3 1 0
0 0 3 0 1
4 3 1 0 0
0 1 2 0 1
3 2 1 1 0
3 0 2 0 1
3 0 2 0 0
3 1 3 0 1
4 5 3 1 0
2 5 3 1 1
5 4 3 0 0
1 3 3 1 1
0 5 0 0 0
GAMEOVER WINNER 0
# Game ended: Tue Apr 06 22:14:34 EDT 2021
