# Server version 0.08 running on DESKTOP-7J5NBBK:8123
# Game ID: 18
# Board class: pentago_twist.PentagoBoard
# Timeout: 20000
# First Move Timeout: 30000
# Date: Mon Apr 05 16:22:45 EDT 2021
# Player 1: Player-0, '260930902', running on DESKTOP-7J5NBBK
# Player 2: Player-1, 'RandomPlayer', running on DESKTOP-7J5NBBK
START Player-0 260930902
START Player-1 RandomPlayer
3 2 1 1 0
4 4 3 1 1
0 0 0 1 0
3 1 1 0 1
0 0 0 1 0
1 2 3 0 1
GAMEOVER TIMEOUT WINNER 1--------------------------
| w |   | w ||   |   |   |
|   |   | b ||   |   |   |
|   |   |   ||   |   |   |
--------------------------
|   | b | w ||   |   |   |
|   |   |   ||   | b |   |
|   |   |   ||   |   |   |
--------------------------

# Game ended: Mon Apr 05 16:26:43 EDT 2021
