# Server version 0.08 running on DESKTOP-7J5NBBK:8123
# Game ID: 211
# Board class: pentago_twist.PentagoBoard
# Timeout: 20000
# First Move Timeout: 30000
# Date: Tue Apr 06 00:07:31 EDT 2021
# Player 1: Player-0, 'RandomPlayer', running on DESKTOP-7J5NBBK
# Player 2: Player-1, '260930902', running on DESKTOP-7J5NBBK
START Player-0 RandomPlayer
START Player-1 260930902
1 2 0 0 0
0 0 0 1 1
4 4 1 1 0
0 0 0 1 1
5 0 1 0 0
0 1 0 1 1
2 4 1 0 0
0 3 0 1 1
5 2 3 1 0
0 4 0 1 1
GAMEOVER WINNER 1
# Game ended: Tue Apr 06 00:07:31 EDT 2021
