# Server version 0.08 running on DESKTOP-7J5NBBK:8123
# Game ID: 611
# Board class: pentago_twist.PentagoBoard
# Timeout: 20000
# First Move Timeout: 30000
# Date: Fri Apr 09 18:10:18 EDT 2021
# Player 1: Player-0, 'Human', running on DESKTOP-7J5NBBK
# Player 2: Player-1, '260930902', running on DESKTOP-7J5NBBK
START Player-0 Human
START Player-1 260930902
3 3 0 0 0
3 1 1 1 1
2 2 2 1 0
0 0 0 0 1
2 2 2 0 0
3 1 0 0 1
0 2 0 0 0
1 1 3 0 1
5 3 2 0 0
4 1 0 1 1
4 3 0 0 0
3 1 0 1 1
2 1 1 1 0
1 2 0 0 1
GAMEOVER WINNER 1
# Game ended: Fri Apr 09 18:10:43 EDT 2021
