# Server version 0.08 running on DESKTOP-7J5NBBK:8123
# Game ID: 805
# Board class: pentago_twist.PentagoBoard
# Timeout: 20000
# First Move Timeout: 30000
# Date: Sun Apr 11 03:17:53 EDT 2021
# Player 1: Player-0, 'RandomPlayer', running on DESKTOP-7J5NBBK
# Player 2: Player-1, '260930902', running on DESKTOP-7J5NBBK
START Player-0 RandomPlayer
START Player-1 260930902
4 1 2 1 0
3 4 0 0 1
3 2 3 0 0
4 4 0 0 1
5 0 3 0 0
2 3 2 0 1
5 0 1 0 0
2 3 3 0 1
1 3 1 0 0
2 3 3 0 1
0 1 2 0 0
2 5 1 0 1
2 0 1 0 0
3 1 2 0 1
5 0 2 1 0
0 0 0 0 1
5 4 0 1 0
4 3 2 1 1
4 5 3 0 0
5 3 3 0 1
5 5 0 0 0
1 5 1 1 1
3 5 3 1 0
3 1 3 1 1
0 4 1 1 0
4 0 1 0 1
2 1 3 1 0
1 2 0 0 1
GAMEOVER WINNER 1
# Game ended: Sun Apr 11 03:18:08 EDT 2021
