# Server version 0.08 running on DESKTOP-7J5NBBK:8123
# Game ID: 747
# Board class: pentago_twist.PentagoBoard
# Timeout: 20000
# First Move Timeout: 30000
# Date: Sat Apr 10 22:51:18 EDT 2021
# Starting at move 13
# Player 1: Player-0, 'Human', running on DESKTOP-7J5NBBK
# Player 2: Player-1, 'RandomPlayer', running on DESKTOP-7J5NBBK
START Player-0 Human
START Player-1 RandomPlayer
4 2 1 1 0
5 2 2 0 1
2 4 0 0 0
4 0 1 0 1
3 0 3 1 0
4 1 1 0 1
1 4 2 1 0
4 0 2 0 1
2 4 1 1 0
4 4 2 0 1
4 3 2 0 0
1 1 3 1 1
4 3 2 1 0
2 1 3 0 1
GAMEOVER WINNER 1
# Game ended: Sat Apr 10 22:51:31 EDT 2021
