# Server version 0.08 running on DESKTOP-7J5NBBK:8123
# Game ID: 768
# Board class: pentago_twist.PentagoBoard
# Timeout: 20000
# First Move Timeout: 30000
# Date: Sat Apr 10 23:46:04 EDT 2021
# Player 1: Player-0, 'Human', running on DESKTOP-7J5NBBK
# Player 2: Player-1, '260930902', running on DESKTOP-7J5NBBK
START Player-0 Human
START Player-1 260930902
4 1 3 1 0
4 2 1 1 1
1 4 3 0 0
3 2 3 0 1
2 3 2 0 0
3 2 1 0 1
2 3 2 0 0
3 0 2 0 1
3 3 1 1 0
2 2 2 0 1
1 2 2 1 0
2 1 0 0 1
GAMEOVER WINNER 1
# Game ended: Sat Apr 10 23:46:57 EDT 2021
