# Server version 0.08 running on DESKTOP-7J5NBBK:8123
# Game ID: 771
# Board class: pentago_twist.PentagoBoard
# Timeout: 20000
# First Move Timeout: 30000
# Date: Sat Apr 10 23:47:31 EDT 2021
# Player 1: Player-0, 'Human', running on DESKTOP-7J5NBBK
# Player 2: Player-1, '260930902', running on DESKTOP-7J5NBBK
START Player-0 Human
START Player-1 260930902
1 1 1 1 0
4 2 1 1 1
1 2 1 1 0
4 1 0 0 1
1 4 0 0 0
1 3 0 0 1
3 4 2 0 0
3 1 3 0 1
3 4 1 1 0
1 3 3 0 1
2 3 1 0 0
4 0 1 0 1
2 3 1 0 0
3 3 2 1 1
1 2 1 0 0
0 4 1 0 1
GAMEOVER WINNER 1
# Game ended: Sat Apr 10 23:49:03 EDT 2021
