# Server version 0.08 running on DESKTOP-7J5NBBK:8123
# Game ID: 872
# Board class: pentago_twist.PentagoBoard
# Timeout: 20000
# First Move Timeout: 30000
# Date: Mon Apr 12 17:31:14 EDT 2021
# Starting at move 13
# Player 1: Player-0, '260930902', running on DESKTOP-7J5NBBK
# Player 2: Player-1, 'RandomPlayer', running on DESKTOP-7J5NBBK
START Player-0 260930902
START Player-1 RandomPlayer
3 4 0 0 0
3 1 1 1 1
4 4 0 0 0
4 1 3 0 1
4 3 2 0 0
1 4 3 0 1
4 3 2 0 0
3 1 3 0 1
4 0 2 0 0
2 1 1 1 1
5 4 0 0 0
1 1 0 0 1
1 2 0 0 0
0 0 3 1 1
2 4 2 1 0
2 2 1 0 1
3 2 0 1 0
5 5 2 0 1
3 0 2 0 0
3 0 3 0 1
1 2 0 0 0
GAMEOVER WINNER 0
# Game ended: Mon Apr 12 17:31:17 EDT 2021
