# Server version 0.08 running on DESKTOP-7J5NBBK:8123
# Game ID: 756
# Board class: pentago_twist.PentagoBoard
# Timeout: 20000
# First Move Timeout: 30000
# Date: Sat Apr 10 23:02:14 EDT 2021
# Player 1: Player-0, 'RandomPlayer', running on DESKTOP-7J5NBBK
# Player 2: Player-1, '260930902', running on DESKTOP-7J5NBBK
START Player-0 RandomPlayer
START Player-1 260930902
1 1 3 1 0
4 2 1 1 1
1 2 2 0 0
2 4 0 0 1
2 2 1 0 0
5 2 0 0 1
0 0 1 0 0
3 0 2 0 1
0 2 3 0 0
4 1 3 1 1
2 3 2 0 0
3 2 1 1 1
0 1 1 1 0
4 2 1 1 1
1 3 1 0 0
1 3 1 0 1
1 4 1 1 0
2 3 1 0 1
0 5 1 1 0
GAMEOVER WINNER 0
# Game ended: Sat Apr 10 23:02:24 EDT 2021
