# Server version 0.08 running on DESKTOP-7J5NBBK:8123
# Game ID: 864
# Board class: pentago_twist.PentagoBoard
# Timeout: 20000
# First Move Timeout: 30000
# Date: Mon Apr 12 12:02:18 EDT 2021
# Player 1: Player-0, 'Human', running on DESKTOP-7J5NBBK
# Player 2: Player-1, '260930902', running on DESKTOP-7J5NBBK
START Player-0 Human
START Player-1 260930902
1 4 0 0 0
3 4 0 0 1
4 4 3 0 0
4 1 3 0 1
1 1 2 0 0
3 1 0 1 1
1 3 2 0 0
1 5 1 0 1
3 3 2 0 0
2 2 3 0 1
5 4 0 0 0
3 4 0 1 1
1 2 3 0 0
1 3 3 1 1
0 1 3 0 0
3 5 3 1 1
1 0 3 1 0
1 5 3 1 1
0 2 2 1 0
4 0 2 1 1
GAMEOVER WINNER 1
# Game ended: Mon Apr 12 12:04:07 EDT 2021
