# Server version 0.08 running on DESKTOP-7J5NBBK:8123
# Game ID: 852
# Board class: pentago_twist.PentagoBoard
# Timeout: 20000
# First Move Timeout: 30000
# Date: Sun Apr 11 22:15:02 EDT 2021
# Player 1: Player-0, 'RandomPlayer', running on DESKTOP-7J5NBBK
# Player 2: Player-1, '260930902', running on DESKTOP-7J5NBBK
START Player-0 RandomPlayer
START Player-1 260930902
3 1 2 0 0
3 4 0 0 1
0 4 2 1 0
4 4 0 0 1
0 0 0 0 0
5 4 0 1 1
4 2 0 1 0
4 3 0 1 1
1 1 2 0 0
4 1 1 0 1
1 2 2 1 0
4 2 3 0 1
GAMEOVER WINNER 1
# Game ended: Sun Apr 11 22:15:04 EDT 2021
