# Server version 0.08 running on DESKTOP-7J5NBBK:8123
# Game ID: 827
# Board class: pentago_twist.PentagoBoard
# Timeout: 20000
# First Move Timeout: 30000
# Date: Sun Apr 11 16:28:47 EDT 2021
# Player 1: Player-0, 'Human', running on DESKTOP-7J5NBBK
# Player 2: Player-1, '260930902', running on DESKTOP-7J5NBBK
START Player-0 Human
START Player-1 260930902
3 2 1 1 0
3 1 1 1 1
4 1 0 0 0
4 4 0 0 1
1 4 0 0 0
5 0 2 0 1
2 3 0 0 0
3 2 2 1 1
0 5 2 0 0
2 5 1 1 1
0 5 1 0 0
4 2 1 0 1
2 2 2 0 0
3 0 2 0 1
2 1 2 1 0
2 4 0 0 1
1 2 2 0 0
1 3 3 0 1
1 1 1 1 0
3 3 2 1 1
GAMEOVER DRAW
# Game ended: Sun Apr 11 16:30:24 EDT 2021
