# Server version 0.08 running on DESKTOP-7J5NBBK:8123
# Game ID: 839
# Board class: pentago_twist.PentagoBoard
# Timeout: 20000
# First Move Timeout: 30000
# Date: Sun Apr 11 16:41:56 EDT 2021
# Player 1: Player-0, '260930902', running on DESKTOP-7J5NBBK
# Player 2: Player-1, '260930902', running on DESKTOP-7J5NBBK
START Player-0 260930902
START Player-1 260930902
3 4 0 0 0
3 1 1 1 1
4 4 0 0 0
4 1 3 0 1
4 3 2 0 0
1 4 3 0 1
4 3 2 0 0
3 1 3 0 1
4 0 2 0 0
1 2 0 0 1
5 4 0 0 0
1 1 0 0 1
1 2 0 0 0
1 0 3 1 1
1 5 3 1 0
0 4 1 0 1
1 3 3 1 0
0 0 1 1 1
GAMEOVER WINNER 1
# Game ended: Sun Apr 11 16:42:08 EDT 2021
