# Server version 0.08 running on DESKTOP-7J5NBBK:8123
# Game ID: 370
# Board class: pentago_twist.PentagoBoard
# Timeout: 20000
# First Move Timeout: 30000
# Date: Wed Apr 07 22:26:25 EDT 2021
# Player 1: Player-0, 'RandomPlayer', running on DESKTOP-7J5NBBK
# Player 2: Player-1, '260930902', running on DESKTOP-7J5NBBK
START Player-0 RandomPlayer
START Player-1 260930902
3 4 0 1 0
4 2 1 1 1
5 5 3 0 0
2 4 0 0 1
4 3 1 1 0
0 0 0 0 1
1 3 3 1 0
2 3 0 0 1
5 2 2 0 0
2 1 2 0 1
2 5 0 1 0
2 2 0 1 1
GAMEOVER WINNER 1
# Game ended: Wed Apr 07 22:26:26 EDT 2021
