# Server version 0.08 running on DESKTOP-7J5NBBK:8123
# Game ID: 14
# Board class: pentago_twist.PentagoBoard
# Timeout: 20000
# First Move Timeout: 30000
# Date: Mon Apr 05 16:13:08 EDT 2021
# Player 1: Player-0, 'Human', running on DESKTOP-7J5NBBK
# Player 2: Player-1, 'RandomPlayer', running on DESKTOP-7J5NBBK
START Player-0 Human
START Player-1 RandomPlayer
2 1 3 1 0
4 4 0 1 1
4 3 1 1 0
3 5 1 0 1
3 2 1 1 0
0 4 2 1 1
1 0 2 1 0
0 2 1 1 1
5 4 1 1 0
GAMEOVER WINNER 0--------------------------
|   |   | b ||   | b |   |
| w |   |   ||   |   |   |
|   | w |   ||   |   |   |
--------------------------
|   |   | w ||   |   | b |
|   |   |   || w | b |   |
|   |   |   ||   | w |   |
--------------------------

# Game ended: Mon Apr 05 16:13:43 EDT 2021
