# Server version 0.08 running on DESKTOP-7J5NBBK:8123
# Game ID: 209
# Board class: pentago_twist.PentagoBoard
# Timeout: 20000
# First Move Timeout: 30000
# Date: Tue Apr 06 00:06:17 EDT 2021
# Player 1: Player-0, '260930902', running on DESKTOP-7J5NBBK
# Player 2: Player-1, 'RandomPlayer', running on DESKTOP-7J5NBBK
START Player-0 260930902
START Player-1 RandomPlayer
3 1 1 1 0
5 2 2 0 1
0 0 0 1 0
2 1 3 0 1
0 0 0 1 0
3 5 3 0 1
0 1 0 1 0
0 4 0 1 1
0 3 0 1 0
5 1 0 1 1
0 5 0 1 0
1 2 2 1 1
1 0 0 1 0
5 0 3 0 1
1 1 0 1 0
3 4 0 1 1
1 3 0 1 0
1 5 2 1 1
3 2 0 0 0
GAMEOVER WINNER 0
# Game ended: Tue Apr 06 00:06:18 EDT 2021
