# Server version 0.08 running on DESKTOP-7J5NBBK:8123
# Game ID: 755
# Board class: pentago_twist.PentagoBoard
# Timeout: 20000
# First Move Timeout: 30000
# Date: Sat Apr 10 23:01:46 EDT 2021
# Starting at move 12
# Player 1: Player-0, 'Human', running on DESKTOP-7J5NBBK
# Player 2: Player-1, '260930902', running on DESKTOP-7J5NBBK
START Player-0 Human
START Player-1 260930902
3 1 1 1 0
4 2 1 1 1
4 1 0 1 0
2 4 0 0 1
5 1 2 0 0
1 4 3 0 1
3 1 2 1 0
0 4 1 1 1
4 4 0 1 0
4 3 2 0 1
1 1 3 1 0
3 4 2 0 1
GAMEOVER USER CANCEL UNDECIDED
# Game ended: Sat Apr 10 23:02:07 EDT 2021
