# Server version 0.08 running on DESKTOP-7J5NBBK:8123
# Game ID: 365
# Board class: pentago_twist.PentagoBoard
# Timeout: 20000
# First Move Timeout: 30000
# Date: Wed Apr 07 20:22:50 EDT 2021
# Player 1: Player-0, 'Human', running on DESKTOP-7J5NBBK
# Player 2: Player-1, '260930902', running on DESKTOP-7J5NBBK
START Player-0 Human
START Player-1 260930902
2 3 3 0 0
4 2 1 1 1
2 4 0 0 0
1 3 3 0 1
2 3 0 0 0
0 0 0 0 1
2 2 2 0 0
2 1 0 1 1
2 2 2 0 0
1 1 1 0 1
3 3 2 0 0
4 1 0 1 1
4 3 2 0 0
GAMEOVER WINNER 0
# Game ended: Wed Apr 07 20:23:28 EDT 2021
