# Server version 0.08 running on DESKTOP-7J5NBBK:8123
# Game ID: 23
# Board class: pentago_twist.PentagoBoard
# Timeout: 20000
# First Move Timeout: 30000
# Date: Mon Apr 05 17:50:03 EDT 2021
# Player 1: Player-0, 'Human', running on DESKTOP-7J5NBBK
# Player 2: Player-1, 'Human', running on DESKTOP-7J5NBBK
START Player-0 Human
START Player-1 Human
3 1 2 1 0
4 2 2 0 1
3 2 0 0 0
2 2 0 0 1
2 2 1 1 0
1 2 0 1 1
4 3 0 1 0
GAMEOVER ILLEGAL MOVE: Player 1, Move: (2, 1), R/F: (2, 2) WINNER 0--------------------------
|   |   |   ||   |   |   |
|   |   | b ||   |   |   |
| b |   | w ||   |   |   |
--------------------------
|   |   | w ||   |   |   |
|   |   | w || w |   |   |
|   | b |   ||   |   |   |
--------------------------

# Game ended: Mon Apr 05 18:14:01 EDT 2021
