# Server version 0.08 running on DESKTOP-7J5NBBK:8123
# Game ID: 471
# Board class: pentago_twist.PentagoBoard
# Timeout: 20000
# First Move Timeout: 30000
# Date: Thu Apr 08 23:38:31 EDT 2021
# Player 1: Player-0, '260930902', running on DESKTOP-7J5NBBK
# Player 2: Player-1, '260930902', running on DESKTOP-7J5NBBK
START Player-0 260930902
START Player-1 260930902
4 2 1 1 0
3 1 1 1 1
2 4 0 0 0
1 3 3 0 1
0 0 0 0 0
0 0 0 0 1
0 0 0 0 0
0 0 0 0 1
0 1 0 0 0
0 1 0 0 1
0 1 0 0 0
0 1 0 0 1
0 3 0 0 0
0 4 0 0 1
GAMEOVER TIMEOUT WINNER 1
# Game ended: Thu Apr 08 23:39:57 EDT 2021
