# Server version 0.08 running on DESKTOP-7J5NBBK:8123
# Game ID: 434
# Board class: pentago_twist.PentagoBoard
# Timeout: 20000
# First Move Timeout: 30000
# Date: Thu Apr 08 19:43:17 EDT 2021
# Player 1: Player-0, 'Human', running on DESKTOP-7J5NBBK
# Player 2: Player-1, 'RandomPlayer', running on DESKTOP-7J5NBBK
START Player-0 Human
START Player-1 RandomPlayer
2 2 2 1 0
5 2 2 0 1
2 3 2 1 0
2 0 3 0 1
2 4 2 1 0
4 0 3 0 1
2 1 2 0 0
0 1 0 1 1
1 2 2 1 0
5 2 0 1 1
2 5 3 0 0
GAMEOVER WINNER 0
# Game ended: Thu Apr 08 19:43:35 EDT 2021
