# Server version 0.08 running on DESKTOP-7J5NBBK:8123
# Game ID: 116
# Board class: pentago_twist.PentagoBoard
# Timeout: 20000
# First Move Timeout: 30000
# Date: Mon Apr 05 23:06:37 EDT 2021
# Player 1: Player-0, 'RandomPlayer', running on DESKTOP-7J5NBBK
# Player 2: Player-1, '260930902', running on DESKTOP-7J5NBBK
START Player-0 RandomPlayer
START Player-1 260930902
5 5 3 0 0
1 2 1 1 1
5 2 1 1 0
0 0 2 1 1
1 0 2 0 0
0 1 2 1 1
2 2 3 0 0
0 2 2 1 1
4 1 0 0 0
0 0 2 1 1
1 4 2 0 0
0 3 2 1 1
5 5 2 0 0
0 4 2 1 1
3 1 3 1 0
0 5 2 1 1
1 5 2 0 0
1 0 2 1 1
5 4 2 1 0
1 1 2 1 1
5 2 0 1 0
1 3 2 1 1
2 3 1 1 0
GAMEOVER TIMEOUT WINNER 0
# Game ended: Mon Apr 05 23:07:09 EDT 2021
