# Server version 0.08 running on DESKTOP-7J5NBBK:8123
# Game ID: 664
# Board class: pentago_twist.PentagoBoard
# Timeout: 20000
# First Move Timeout: 30000
# Date: Fri Apr 09 22:34:46 EDT 2021
# Player 1: Player-0, '260930902', running on DESKTOP-7J5NBBK
# Player 2: Player-1, '260930902', running on DESKTOP-7J5NBBK
START Player-0 260930902
START Player-1 260930902
4 2 1 1 0
3 1 1 1 1
2 4 0 0 0
1 3 3 0 1
1 5 1 0 0
0 3 2 0 1
2 3 0 1 0
0 5 3 0 1
3 3 1 1 0
1 4 3 0 1
2 3 3 1 0
1 3 3 0 1
4 5 3 1 0
5 3 3 0 1
4 5 3 1 0
4 5 1 0 1
GAMEOVER DRAW
# Game ended: Fri Apr 09 22:34:56 EDT 2021
