# Server version 0.08 running on DESKTOP-7J5NBBK:8123
# Game ID: 359
# Board class: pentago_twist.PentagoBoard
# Timeout: 20000
# First Move Timeout: 30000
# Date: Wed Apr 07 20:17:26 EDT 2021
# Player 1: Player-0, 'RandomPlayer', running on DESKTOP-7J5NBBK
# Player 2: Player-1, '260930902', running on DESKTOP-7J5NBBK
START Player-0 RandomPlayer
START Player-1 260930902
5 1 1 1 0
3 1 1 1 1
1 3 0 1 0
0 0 0 0 1
0 0 1 0 0
0 1 0 0 1
1 3 1 1 0
4 2 0 1 1
2 3 3 0 0
2 2 1 1 1
1 2 3 1 0
4 0 0 1 1
3 5 1 0 0
2 4 1 0 1
3 2 3 0 0
0 0 0 1 1
0 1 0 0 0
0 4 0 1 1
GAMEOVER WINNER 1
# Game ended: Wed Apr 07 20:17:27 EDT 2021
