# Server version 0.08 running on DESKTOP-7J5NBBK:8123
# Game ID: 824
# Board class: pentago_twist.PentagoBoard
# Timeout: 20000
# First Move Timeout: 30000
# Date: Sun Apr 11 16:25:49 EDT 2021
# Player 1: Player-0, '260930902', running on DESKTOP-7J5NBBK
# Player 2: Player-1, 'RandomPlayer', running on DESKTOP-7J5NBBK
START Player-0 260930902
START Player-1 RandomPlayer
3 1 1 1 0
1 1 2 1 1
4 1 3 0 0
1 2 3 0 1
5 1 1 0 0
1 4 1 1 1
1 0 0 0 0
4 4 2 0 1
3 1 1 0 0
4 3 1 0 1
2 4 2 0 0
5 4 1 0 1
3 2 3 1 0
2 4 3 1 1
1 2 1 0 0
4 0 2 0 1
3 2 3 1 0
4 3 2 0 1
2 4 2 0 0
2 2 3 0 1
1 5 0 0 0
2 2 1 1 1
0 2 0 0 0
GAMEOVER WINNER 0
# Game ended: Sun Apr 11 16:26:03 EDT 2021
