# Server version 0.08 running on DESKTOP-7J5NBBK:8123
# Game ID: 791
# Board class: pentago_twist.PentagoBoard
# Timeout: 20000
# First Move Timeout: 30000
# Date: Sun Apr 11 02:52:43 EDT 2021
# Player 1: Player-0, '260930902', running on DESKTOP-7J5NBBK
# Player 2: Player-1, 'RandomPlayer', running on DESKTOP-7J5NBBK
START Player-0 260930902
START Player-1 RandomPlayer
1 4 0 0 0
4 4 0 0 1
2 4 2 0 0
0 4 1 0 1
2 4 1 1 0
0 4 3 0 1
3 1 0 1 0
3 5 3 1 1
2 5 3 0 0
2 2 3 1 1
5 5 0 0 0
3 5 0 1 1
5 3 3 0 0
4 3 3 1 1
0 5 3 1 0
4 2 3 1 1
4 3 0 1 0
2 3 0 1 1
4 0 3 1 0
0 3 3 1 1
3 4 3 1 0
1 1 3 1 1
0 0 3 1 0
0 2 3 1 1
0 1 3 1 0
1 2 3 1 1
3 2 3 1 0
3 0 3 1 1
4 1 3 1 0
5 0 3 1 1
5 2 3 1 0
2 0 3 1 1
2 1 3 1 0
1 0 3 1 1
5 1 3 1 0
5 4 0 0 1
GAMEOVER DRAW
# Game ended: Sun Apr 11 02:52:57 EDT 2021
