# Server version 0.08 running on DESKTOP-7J5NBBK:8123
# Game ID: 276
# Board class: pentago_twist.PentagoBoard
# Timeout: 20000
# First Move Timeout: 30000
# Date: Tue Apr 06 18:06:22 EDT 2021
# Player 1: Player-0, 'RandomPlayer', running on DESKTOP-7J5NBBK
# Player 2: Player-1, '260930902', running on DESKTOP-7J5NBBK
START Player-0 RandomPlayer
START Player-1 260930902
2 2 1 1 0
0 0 2 1 1
3 5 2 0 0
0 1 2 1 1
0 3 0 1 0
0 0 2 1 1
5 1 3 1 0
0 4 2 1 1
4 1 1 0 0
1 1 3 0 1
4 4 1 1 0
2 3 1 0 1
GAMEOVER WINNER 1
# Game ended: Tue Apr 06 18:06:24 EDT 2021
