# Server version 0.08 running on DESKTOP-7J5NBBK:8123
# Game ID: 15
# Board class: pentago_twist.PentagoBoard
# Timeout: 20000
# First Move Timeout: 30000
# Date: Mon Apr 05 16:18:19 EDT 2021
# Player 1: Player-0, '260930902', running on DESKTOP-7J5NBBK
# Player 2: Player-1, 'RandomPlayer', running on DESKTOP-7J5NBBK
START Player-0 260930902
START Player-1 RandomPlayer
3 2 1 1 0
2 0 1 1 1
0 0 0 1 0
2 5 0 1 1
0 1 0 1 0
4 5 3 1 1
0 0 0 1 0
2 4 3 0 1
0 3 0 1 0
5 1 1 1 1
0 3 0 1 0
5 5 0 1 1
0 4 0 1 0
GAMEOVER WINNER 0--------------------------
| w | w | w || w | w | w |
|   |   |   ||   |   |   |
| b |   |   || b | b |   |
--------------------------
|   |   | w ||   | b |   |
|   |   |   ||   |   |   |
|   | b |   ||   |   | b |
--------------------------

# Game ended: Mon Apr 05 16:18:19 EDT 2021
