# Server version 0.08 running on DESKTOP-7J5NBBK:8123
# Game ID: 320
# Board class: pentago_twist.PentagoBoard
# Timeout: 2000
# First Move Timeout: 30000
# Date: Sun Apr 11 21:07:00 EDT 2021
# Player 1: Player-0, '260930902', running on kubernetes.docker.internal
# Player 2: Player-1, 'RandomPlayer', running on kubernetes.docker.internal
START Player-0 260930902
START Player-1 RandomPlayer
3 4 0 0 0
2 1 0 0 1
4 4 0 0 0
4 1 2 0 1
5 4 0 1 0
3 1 1 1 1
4 3 2 0 0
1 1 0 0 1
2 4 0 1 0
2 2 1 0 1
1 4 1 0 0
1 5 0 1 1
2 4 0 0 0
GAMEOVER WINNER 0
# Game ended: Sun Apr 11 21:07:02 EDT 2021
