# Server version 0.08 running on DESKTOP-7J5NBBK:8123
# Game ID: 1053
# Board class: pentago_twist.PentagoBoard
# Timeout: 2000
# First Move Timeout: 30000
# Date: Mon Apr 12 22:08:08 EDT 2021
# Player 1: Player-0, 'RandomPlayer', running on kubernetes.docker.internal
# Player 2: Player-1, '260930902', running on kubernetes.docker.internal
START Player-0 RandomPlayer
START Player-1 260930902
4 4 3 0 0
3 1 1 1 1
3 3 0 1 0
4 1 3 0 1
5 3 2 0 0
2 2 2 0 1
3 1 3 0 0
5 2 3 1 1
3 0 2 1 0
3 0 2 0 1
5 0 0 1 0
5 1 0 1 1
1 2 0 1 0
3 1 0 1 1
3 3 2 1 0
2 1 2 1 1
2 0 0 0 0
1 1 1 1 1
1 2 1 0 0
0 1 0 1 1
4 3 0 1 0
2 5 0 1 1
4 5 0 1 0
1 3 0 1 1
0 4 0 1 0
1 4 0 1 1
1 5 0 1 0
0 3 1 0 1
GAMEOVER WINNER 1
# Game ended: Mon Apr 12 22:08:21 EDT 2021
