# Server version 0.08 running on DESKTOP-7J5NBBK:8123
# Game ID: 942
# Board class: pentago_twist.PentagoBoard
# Timeout: 2000
# First Move Timeout: 30000
# Date: Sun Apr 11 21:45:38 EDT 2021
# Player 1: Player-0, '260930902', running on kubernetes.docker.internal
# Player 2: Player-1, 'RandomPlayer', running on kubernetes.docker.internal
START Player-0 260930902
START Player-1 RandomPlayer
3 4 0 0 0
2 5 3 0 1
4 4 0 0 0
3 0 3 0 1
3 4 0 1 0
0 0 2 1 1
4 3 2 0 0
3 5 1 0 1
4 5 3 0 0
2 0 3 0 1
2 5 3 1 0
5 1 1 1 1
3 2 0 0 0
3 5 3 1 1
2 1 3 1 0
1 2 2 1 1
1 0 2 0 0
GAMEOVER WINNER 0
# Game ended: Sun Apr 11 21:45:40 EDT 2021
